0 info it worked if it ends with ok
1 verbose cli [ 'C:\\Program Files\\nodejs\\node.exe',
1 verbose cli   'C:\\Users\\treveshan\\AppData\\Roaming\\npm\\node_modules\\npm\\bin\\npm-cli.js',
1 verbose cli   'start' ]
2 info using npm@3.10.9
3 info using node@v7.0.0
4 verbose run-script [ 'prestart', 'start', 'poststart' ]
5 info lifecycle angular-quickstart@1.0.0~prestart: angular-quickstart@1.0.0
6 verbose lifecycle angular-quickstart@1.0.0~prestart: unsafe-perm in lifecycle true
7 verbose lifecycle angular-quickstart@1.0.0~prestart: PATH: C:\Users\treveshan\AppData\Roaming\npm\node_modules\npm\bin\node-gyp-bin;C:\Users\treveshan\Desktop\Angular Tuts\angular-tour-of-heroes\quickstart\node_modules\.bin;C:\ProgramData\Oracle\Java\javapath;C:\WINDOWS\system32;C:\WINDOWS;C:\WINDOWS\System32\Wbem;C:\WINDOWS\System32\WindowsPowerShell\v1.0\;C:\Program Files\Microsoft SQL Server\130\Tools\Binn\;C:\Program Files\Microsoft SQL Server\120\DTS\Binn\;C:\Program Files\Microsoft SQL Server\Client SDK\ODBC\110\Tools\Binn\;C:\Program Files (x86)\Microsoft SQL Server\120\Tools\Binn\;C:\Program Files\Microsoft SQL Server\120\Tools\Binn\;C:\Program Files (x86)\Microsoft SQL Server\120\Tools\Binn\ManagementStudio\;C:\Program Files (x86)\Microsoft SQL Server\120\DTS\Binn\;C:\Program Files\TortoiseSVN\bin;C:\Program Files\dotnet\;C:\Program Files\nodejs\;C:\Program Files (x86)\Windows Kits\8.1\Windows Performance Toolkit\;C:\Program Files\Git\cmd;C:\Program Files (x86)\LINQPad5;E:\systems\Bearpaw\bearpaw\servers\neo4j\unit-test\bin;C:\Program Files (x86)\Microsoft SQL Server\110\Tools\Binn\;C:\Program Files\Microsoft SQL Server\110\Tools\Binn\;C:\Program Files\Microsoft SQL Server\110\DTS\Binn\;C:\Program Files (x86)\GitExtensions\;C:\Program Files (x86)\Microsoft Emulator Manager\1.0\;C:\Ruby193\bin;C:\Users\treveshan\AppData\Roaming\npm;C:\Program Files (x86)\Microsoft VS Code\bin;C:\Users\treveshan\AppData\Local\.meteor\
8 verbose lifecycle angular-quickstart@1.0.0~prestart: CWD: C:\Users\treveshan\Desktop\Angular Tuts\angular-tour-of-heroes\quickstart
9 silly lifecycle angular-quickstart@1.0.0~prestart: Args: [ '/d /s /c', 'npm run build' ]
10 silly lifecycle angular-quickstart@1.0.0~prestart: Returned: code: 0  signal: null
11 info lifecycle angular-quickstart@1.0.0~start: angular-quickstart@1.0.0
12 verbose lifecycle angular-quickstart@1.0.0~start: unsafe-perm in lifecycle true
13 verbose lifecycle angular-quickstart@1.0.0~start: PATH: C:\Users\treveshan\AppData\Roaming\npm\node_modules\npm\bin\node-gyp-bin;C:\Users\treveshan\Desktop\Angular Tuts\angular-tour-of-heroes\quickstart\node_modules\.bin;C:\ProgramData\Oracle\Java\javapath;C:\WINDOWS\system32;C:\WINDOWS;C:\WINDOWS\System32\Wbem;C:\WINDOWS\System32\WindowsPowerShell\v1.0\;C:\Program Files\Microsoft SQL Server\130\Tools\Binn\;C:\Program Files\Microsoft SQL Server\120\DTS\Binn\;C:\Program Files\Microsoft SQL Server\Client SDK\ODBC\110\Tools\Binn\;C:\Program Files (x86)\Microsoft SQL Server\120\Tools\Binn\;C:\Program Files\Microsoft SQL Server\120\Tools\Binn\;C:\Program Files (x86)\Microsoft SQL Server\120\Tools\Binn\ManagementStudio\;C:\Program Files (x86)\Microsoft SQL Server\120\DTS\Binn\;C:\Program Files\TortoiseSVN\bin;C:\Program Files\dotnet\;C:\Program Files\nodejs\;C:\Program Files (x86)\Windows Kits\8.1\Windows Performance Toolkit\;C:\Program Files\Git\cmd;C:\Program Files (x86)\LINQPad5;E:\systems\Bearpaw\bearpaw\servers\neo4j\unit-test\bin;C:\Program Files (x86)\Microsoft SQL Server\110\Tools\Binn\;C:\Program Files\Microsoft SQL Server\110\Tools\Binn\;C:\Program Files\Microsoft SQL Server\110\DTS\Binn\;C:\Program Files (x86)\GitExtensions\;C:\Program Files (x86)\Microsoft Emulator Manager\1.0\;C:\Ruby193\bin;C:\Users\treveshan\AppData\Roaming\npm;C:\Program Files (x86)\Microsoft VS Code\bin;C:\Users\treveshan\AppData\Local\.meteor\
14 verbose lifecycle angular-quickstart@1.0.0~start: CWD: C:\Users\treveshan\Desktop\Angular Tuts\angular-tour-of-heroes\quickstart
15 silly lifecycle angular-quickstart@1.0.0~start: Args: [ '/d /s /c',
15 silly lifecycle   'concurrently "npm run build:watch" "npm run serve"' ]
16 silly lifecycle angular-quickstart@1.0.0~start: Returned: code: 3221225786  signal: null
17 info lifecycle angular-quickstart@1.0.0~start: Failed to exec start script
18 verbose stack Error: angular-quickstart@1.0.0 start: `concurrently "npm run build:watch" "npm run serve"`
18 verbose stack Exit status 3221225786
18 verbose stack     at EventEmitter.<anonymous> (C:\Users\treveshan\AppData\Roaming\npm\node_modules\npm\lib\utils\lifecycle.js:255:16)
18 verbose stack     at emitTwo (events.js:106:13)
18 verbose stack     at EventEmitter.emit (events.js:191:7)
18 verbose stack     at ChildProcess.<anonymous> (C:\Users\treveshan\AppData\Roaming\npm\node_modules\npm\lib\utils\spawn.js:40:14)
18 verbose stack     at emitTwo (events.js:106:13)
18 verbose stack     at ChildProcess.emit (events.js:191:7)
18 verbose stack     at maybeClose (internal/child_process.js:877:16)
18 verbose stack     at Process.ChildProcess._handle.onexit (internal/child_process.js:226:5)
19 verbose pkgid angular-quickstart@1.0.0
20 verbose cwd C:\Users\treveshan\Desktop\Angular Tuts\angular-tour-of-heroes\quickstart
21 error Windows_NT 10.0.10240
22 error argv "C:\\Program Files\\nodejs\\node.exe" "C:\\Users\\treveshan\\AppData\\Roaming\\npm\\node_modules\\npm\\bin\\npm-cli.js" "start"
23 error node v7.0.0
24 error npm  v3.10.9
25 error code ELIFECYCLE
26 error angular-quickstart@1.0.0 start: `concurrently "npm run build:watch" "npm run serve"`
26 error Exit status 3221225786
27 error Failed at the angular-quickstart@1.0.0 start script 'concurrently "npm run build:watch" "npm run serve"'.
27 error Make sure you have the latest version of node.js and npm installed.
27 error If you do, this is most likely a problem with the angular-quickstart package,
27 error not with npm itself.
27 error Tell the author that this fails on your system:
27 error     concurrently "npm run build:watch" "npm run serve"
27 error You can get information on how to open an issue for this project with:
27 error     npm bugs angular-quickstart
27 error Or if that isn't available, you can get their info via:
27 error     npm owner ls angular-quickstart
27 error There is likely additional logging output above.
28 verbose exit [ 1, true ]
